Gramática

    0 $accept: declaraciones $end

    1 declaraciones: DIM


Terminales con las reglas donde aparecen

$end (0) 0
error (256)
DIM (258) 1


No terminales con las reglas donde aparecen

$accept (4)
    en la izquierda: 0
declaraciones (5)
    en la izquierda: 1, en la derecha: 0


estado 0

    0 $accept: . declaraciones $end

    DIM  desplazar e ir al estado 1

    declaraciones  ir al estado 2


estado 1

    1 declaraciones: DIM .

    $default  reduce usando la regla 1 (declaraciones)


estado 2

    0 $accept: declaraciones . $end

    $end  desplazar e ir al estado 3


estado 3

    0 $accept: declaraciones $end .

    $default  aceptar
